<?xml version="1.0" encoding="UTF-8"?>
<!-- Generated by org.testng.reporters.JUnitReportReporter -->
<testsuite hostname="DESKTOP-DUBHB1N" failures="0" tests="2" name="dimpletesting.test.ErrorValidationTest" time="27.919" errors="0" timestamp="2025-06-10T11:03:57 AEST" skipped="0">
  <testcase classname="dimpletesting.test.ErrorValidationTest" name="ProductErrorValidation" time="14.982"/>
  <testcase classname="dimpletesting.test.ErrorValidationTest" name="LoginErrorValidation" time="12.937"/>
</testsuite> <!-- dimpletesting.test.ErrorValidationTest -->
