<?xml version="1.0" encoding="UTF-8"?>
<!-- Generated by org.testng.reporters.JUnitReportReporter -->
<testsuite hostname="DESKTOP-DUBHB1N" failures="0" tests="1" name="cucumber.TestNGTestRunner" time="29.816" errors="0" timestamp="2025-06-12T08:05:48 AEST" skipped="0">
  <testcase classname="cucumber.TestNGTestRunner" name="runScenario" time="29.816"/>
</testsuite> <!-- cucumber.TestNGTestRunner -->
