<?xml version="1.0" encoding="UTF-8"?>
<!-- Generated by org.testng.reporters.JUnitReportReporter -->
<testsuite hostname="DESKTOP-DUBHB1N" failures="0" tests="3" name="dimpletesting.test.SubmitOrderTest" time="51.132" errors="0" timestamp="2025-06-10T11:03:57 AEST" skipped="0">
  <testcase classname="dimpletesting.test.SubmitOrderTest" name="submitOrder" time="23.537"/>
  <testcase classname="dimpletesting.test.SubmitOrderTest" name="OrderHistoryTest" time="7.056"/>
  <testcase classname="dimpletesting.test.SubmitOrderTest" name="submitOrder" time="20.539"/>
</testsuite> <!-- dimpletesting.test.SubmitOrderTest -->
