<?xml version="1.0" encoding="UTF-8"?>
<!-- Generated by org.testng.reporters.JUnitReportReporter -->
<testsuite hostname="DESKTOP-DUBHB1N" failures="0" tests="3" name="dimpletesting.test.SubmitOrderTest" time="229.404" errors="0" timestamp="2025-06-12T08:30:30 AEST" skipped="0">
  <testcase classname="dimpletesting.test.SubmitOrderTest" name="submitOrder" time="52.662"/>
  <testcase classname="dimpletesting.test.SubmitOrderTest" name="OrderHistoryTest" time="56.515"/>
  <testcase classname="dimpletesting.test.SubmitOrderTest" name="submitOrder" time="120.227"/>
</testsuite> <!-- dimpletesting.test.SubmitOrderTest -->
