<?xml version="1.0" encoding="UTF-8"?>
<!-- Generated by org.testng.reporters.JUnitReportReporter -->
<testsuite hostname="DESKTOP-DUBHB1N" failures="0" tests="2" name="dimpletesting.test.ErrorValidationTest" time="202.805" errors="0" timestamp="2025-06-12T08:30:30 AEST" skipped="0">
  <testcase classname="dimpletesting.test.ErrorValidationTest" name="LoginErrorValidation" time="110.521"/>
  <testcase classname="dimpletesting.test.ErrorValidationTest" name="ProductErrorValidation" time="92.284"/>
</testsuite> <!-- dimpletesting.test.ErrorValidationTest -->
